<?xml version="1.0" encoding="UTF-8"?>
<testsuite xmlns:xsi="http://www.w3.org/2001/XMLSchema-instance" xsi:noNamespaceSchemaLocation="https://maven.apache.org/surefire/maven-surefire-plugin/xsd/surefire-test-report-3.0.xsd" version="3.0" name="com.J1ggy.CalculatorTest" time="0.032" tests="4" errors="0" skipped="0" failures="0">
  <properties>
[...]
</properties>
  <testcase name="addSmallNumbersTest" classname="com.J1ggy.CalculatorTest" time="0.016"/>
  <testcase name="divideSmallNumbersTest" classname="com.J1ggy.CalculatorTest" time="0.0"/>
  <testcase name="multiplySmallNumbersTest" classname="com.J1ggy.CalculatorTest" time="0.0"/>
  <testcase name="subtractSmallNumbersTest" classname="com.J1ggy.CalculatorTest" time="0.0"/>
</testsuite>